./stasm/stk_stasm.h(36): Warning! W725: col(160) "This compiler doesn't support GCC asm(\"\":::) inline asembler, directive ::asm(variable_name) will expand to nothing"
./stasm/stk_stasm.h(36): Note! N393: col(160) included from koperek\.\..\stk_main.h(455)
./stasm/stk_stasm.h(36): Note! N393: col(160) included from koperek\stk_kop32_class.h(5)
./stasm/stk_stasm.h(36): Note! N393: col(160) included from koperek\stk_kop32_class.cpp(4)
./stasm/stk_stasm.h(40): Warning! W725: col(145) "This compiler doesnt support GCC __attribute__() macro, you must use different data packing directives"
koperek\.\..\sthreads\stk_threads.h(85): Warning! W014: col(5) no reference to symbol 'request_command'
koperek\.\..\sthreads\stk_threads.h(79): Note! N392: col(21) definition: 'int * request_command' in 'int stk::thread::ssthread_arg_wrapper_t::request( char, int, unsigned long )'
koperek\.\..\sthreads\stk_threads.h(85): Warning! W014: col(5) no reference to symbol 'request_time'
koperek\.\..\sthreads\stk_threads.h(80): Note! N392: col(24) definition: 'unsigned long * request_time' in 'int stk::thread::ssthread_arg_wrapper_t::request( char, int, unsigned long )'
koperek\.\..\sthreads\stk_threads.h(85): Warning! W014: col(5) no reference to symbol 'request_count'
koperek\.\..\sthreads\stk_threads.h(81): Note! N392: col(20) definition: 'int request_count' in 'int stk::thread::ssthread_arg_wrapper_t::request( char, int, unsigned long )'
koperek\.\..\sthreads\stk_threads.h(85): Warning! W726: col(5) no reference to formal parameter 'a_request_command'
koperek\.\..\sthreads\stk_threads.h(78): Note! N392: col(35) definition: 'int a_request_command' in 'int stk::thread::ssthread_arg_wrapper_t::request( char, int, unsigned long )'
koperek\.\..\sthreads\stk_threads.h(85): Warning! W726: col(5) no reference to formal parameter 'a_request_time'
koperek\.\..\sthreads\stk_threads.h(78): Note! N392: col(60) definition: 'unsigned long a_request_time' in 'int stk::thread::ssthread_arg_wrapper_t::request( char, int, unsigned long )'
koperek\stk_kop32_class.cpp(153): Warning! W388: col(35) integral constant will be truncated during assignment or initialization
koperek\stk_kop32_class.cpp(155): Warning! W388: col(35) integral constant will be truncated during assignment or initialization
koperek\stk_kop32_class.cpp(343): Warning! W017: col(1) label 'GOTO_set_options_EXIT' has not been referenced by a goto
koperek\stk_kop32_class.cpp(343): Note! N574: col(1) label defined in: koperek\stk_kop32_class.cpp(324) (col 22)
koperek\stk_kop32_class.cpp(343): Warning! W014: col(1) no reference to symbol 'd'
koperek\stk_kop32_class.cpp(285): Note! N392: col(23) definition: 'unsigned d' in 'int stdcall stk::__kop32_class::prepare_options( char const * )'
koperek\stk_kop32_class.cpp(577): Warning! W389: col(45) integral value may be truncated during assignment or initialization
koperek\stk_kop32_class.cpp(1391): Warning! W007: col(38) '&array' may not produce intended result
koperek\stk_kop32_class.cpp(1637): Warning! W017: col(1) label 'GOTO_execute_IO_DONE' has not been referenced by a goto
koperek\stk_kop32_class.cpp(1637): Note! N574: col(1) label defined in: koperek\stk_kop32_class.cpp(1554) (col 29)
