./stasm/stk_stasm.h(36): Warning! W725: col(160) "This compiler doesn't support GCC asm(\"\":::) inline asembler, directive ::asm(variable_name) will expand to nothing"
./stasm/stk_stasm.h(36): Note! N393: col(160) included from koperek\.\..\stk_main.h(455)
./stasm/stk_stasm.h(36): Note! N393: col(160) included from koperek\stk_kop32_API.h(5)
./stasm/stk_stasm.h(36): Note! N393: col(160) included from koperek\stk_kop32_console_API.cpp(13)
./stasm/stk_stasm.h(40): Warning! W725: col(145) "This compiler doesnt support GCC __attribute__() macro, you must use different data packing directives"
koperek\stk_kop32_console_API.cpp(67): Warning! W726: col(1) no reference to formal parameter 'b'
koperek\stk_kop32_console_API.cpp(57): Note! N392: col(35) definition: 'unsigned b' in 'unsigned stdcall c_end( unsigned )'
koperek\stk_kop32_console_API.cpp(129): Warning! W726: col(1) no reference to formal parameter 'a_kop32'
koperek\stk_kop32_console_API.cpp(116): Note! N392: col(65) definition: 'stk::__kop32_class * a_kop32' in 'char const * stdcall classic_event_handler( stk::__kop32_class *, char const *, char const *, char const * )'
koperek\stk_kop32_console_API.cpp(129): Warning! W726: col(1) no reference to formal parameter 'a_event'
koperek\stk_kop32_console_API.cpp(116): Note! N392: col(86) definition: 'char const * a_event' in 'char const * stdcall classic_event_handler( stk::__kop32_class *, char const *, char const *, char const * )'
koperek\stk_kop32_console_API.cpp(129): Warning! W726: col(1) no reference to formal parameter 'a_code'
koperek\stk_kop32_console_API.cpp(116): Note! N392: col(107) definition: 'char const * a_code' in 'char const * stdcall classic_event_handler( stk::__kop32_class *, char const *, char const *, char const * )'
koperek\stk_kop32_console_API.cpp(129): Warning! W726: col(1) no reference to formal parameter 'a_code_ex'
koperek\stk_kop32_console_API.cpp(116): Note! N392: col(127) definition: 'char const * a_code_ex' in 'char const * stdcall classic_event_handler( stk::__kop32_class *, char const *, char const *, char const * )'
koperek\stk_kop32_console_API.cpp(233): Warning! W726: col(1) no reference to formal parameter 'aprinthandler'
koperek\stk_kop32_console_API.cpp(132): Note! N392: col(170) definition: 'void stdcall (* aprinthandler)( char const * )' in 'int stdcall start_kop32_in_text_mode( char *, char const * stdcall (* )( stk::__kop32_class *, char const *, char const *, char const * ), void stdcall (* )( char const * ), char stdcall (* )( void ))'
koperek\stk_kop32_console_API.cpp(233): Warning! W726: col(1) no reference to formal parameter 'agetchhandler'
koperek\stk_kop32_console_API.cpp(132): Note! N392: col(217) definition: 'char stdcall (* agetchhandler)( void )' in 'int stdcall start_kop32_in_text_mode( char *, char const * stdcall (* )( stk::__kop32_class *, char const *, char const *, char const * ), void stdcall (* )( char const * ), char stdcall (* )( void ))'
koperek\.\..\text\.\..\stk_vector.h(25): Warning! W014: col(1) no reference to symbol 'rdtsc_b'
koperek\stk_kop32_console_API.cpp(48): Note! N392: col(17) definition: 'unsigned rdtsc_b'
