./stasm/stk_stasm.h(36): Warning! W725: col(160) "This compiler doesn't support GCC asm(\"\":::) inline asembler, directive ::asm(variable_name) will expand to nothing"
./stasm/stk_stasm.h(36): Note! N393: col(160) included from sockets\.\..\stk_main.h(455)
./stasm/stk_stasm.h(36): Note! N393: col(160) included from sockets\stk_sockets.h(5)
./stasm/stk_stasm.h(36): Note! N393: col(160) included from sockets\stk_sockets.cpp(4)
./stasm/stk_stasm.h(40): Warning! W725: col(145) "This compiler doesnt support GCC __attribute__() macro, you must use different data packing directives"
sockets\stk_sockets.h(82): Warning! W014: col(17) no reference to symbol 'h'
sockets\stk_sockets.h(80): Note! N392: col(51) definition: 'char const h[30]' in 'char const * stdcall stk::socket::http_answer::access_control_allow_orgin( void )'
sockets\stk_sockets.h(89): Warning! W014: col(17) no reference to symbol 'h'
sockets\stk_sockets.h(87): Note! N392: col(51) definition: 'char const h[16]' in 'char const * stdcall stk::socket::http_answer::accept_ranges( void )'
sockets\stk_sockets.h(95): Warning! W014: col(17) no reference to symbol 'h'
sockets\stk_sockets.h(93): Note! N392: col(51) definition: 'char const h[6]' in 'char const * stdcall stk::socket::http_answer::age( void )'
sockets\stk_sockets.h(102): Warning! W014: col(17) no reference to symbol 'h'
sockets\stk_sockets.h(100): Note! N392: col(51) definition: 'char const h[8]' in 'char const * stdcall stk::socket::http_answer::allow( void )'
sockets\stk_sockets.h(108): Warning! W014: col(17) no reference to symbol 'h'
sockets\stk_sockets.h(106): Note! N392: col(51) definition: 'char const h[16]' in 'char const * stdcall stk::socket::http_answer::cache_control( void )'
sockets\stk_sockets.h(115): Warning! W014: col(17) no reference to symbol 'h'
sockets\stk_sockets.h(113): Note! N392: col(51) definition: 'char const h[13]' in 'char const * stdcall stk::socket::http_answer::connection( void )'
sockets\stk_sockets.h(122): Warning! W014: col(17) no reference to symbol 'h'
sockets\stk_sockets.h(120): Note! N392: col(51) definition: 'char const h[19]' in 'char const * stdcall stk::socket::http_answer::content_encoding( void )'
sockets\stk_sockets.h(129): Warning! W014: col(17) no reference to symbol 'h'
sockets\stk_sockets.h(127): Note! N392: col(51) definition: 'char const h[19]' in 'char const * stdcall stk::socket::http_answer::content_language( void )'
sockets\stk_sockets.h(136): Warning! W014: col(17) no reference to symbol 'h'
sockets\stk_sockets.h(134): Note! N392: col(51) definition: 'char const h[17]' in 'char const * stdcall stk::socket::http_answer::content_len( void )'
sockets\stk_sockets.h(143): Warning! W014: col(17) no reference to symbol 'h'
sockets\stk_sockets.h(141): Note! N392: col(51) definition: 'char const h[19]' in 'char const * stdcall stk::socket::http_answer::content_location( void )'
sockets\stk_sockets.h(150): Warning! W014: col(17) no reference to symbol 'h'
sockets\stk_sockets.h(148): Note! N392: col(51) definition: 'char const h[14]' in 'char const * stdcall stk::socket::http_answer::content_md5( void )'
sockets\stk_sockets.h(157): Warning! W014: col(17) no reference to symbol 'h'
sockets\stk_sockets.h(155): Note! N392: col(51) definition: 'char const h[22]' in 'char const * stdcall stk::socket::http_answer::content_disposition( void )'
sockets\stk_sockets.h(164): Warning! W014: col(17) no reference to symbol 'h'
sockets\stk_sockets.h(162): Note! N392: col(51) definition: 'char const h[16]' in 'char const * stdcall stk::socket::http_answer::content_range( void )'
sockets\stk_sockets.h(171): Warning! W014: col(17) no reference to symbol 'h'
sockets\stk_sockets.h(169): Note! N392: col(51) definition: 'char const h[15]' in 'char const * stdcall stk::socket::http_answer::content_type( void )'
sockets\stk_sockets.h(178): Warning! W014: col(17) no reference to symbol 'h'
sockets\stk_sockets.h(176): Note! N392: col(51) definition: 'char const h[7]' in 'char const * stdcall stk::socket::http_answer::date( void )'
sockets\stk_sockets.h(185): Warning! W014: col(17) no reference to symbol 'h'
sockets\stk_sockets.h(183): Note! N392: col(51) definition: 'char const h[7]' in 'char const * stdcall stk::socket::http_answer::etag( void )'
sockets\stk_sockets.h(192): Warning! W014: col(17) no reference to symbol 'h'
sockets\stk_sockets.h(190): Note! N392: col(51) definition: 'char const h[10]' in 'char const * stdcall stk::socket::http_answer::expires( void )'
sockets\stk_sockets.h(199): Warning! W014: col(17) no reference to symbol 'h'
sockets\stk_sockets.h(197): Note! N392: col(51) definition: 'char const h[16]' in 'char const * stdcall stk::socket::http_answer::lats_modified( void )'
sockets\stk_sockets.h(206): Warning! W014: col(17) no reference to symbol 'h'
sockets\stk_sockets.h(204): Note! N392: col(51) definition: 'char const h[7]' in 'char const * stdcall stk::socket::http_answer::link( void )'
sockets\stk_sockets.h(213): Warning! W014: col(17) no reference to symbol 'h'
sockets\stk_sockets.h(211): Note! N392: col(51) definition: 'char const h[11]' in 'char const * stdcall stk::socket::http_answer::location( void )'
sockets\stk_sockets.h(220): Warning! W014: col(17) no reference to symbol 'h'
sockets\stk_sockets.h(218): Note! N392: col(51) definition: 'char const h[6]' in 'char const * stdcall stk::socket::http_answer::p3p( void )'
sockets\stk_sockets.h(227): Warning! W014: col(17) no reference to symbol 'h'
sockets\stk_sockets.h(225): Note! N392: col(51) definition: 'char const h[9]' in 'char const * stdcall stk::socket::http_answer::pragma( void )'
sockets\stk_sockets.h(234): Warning! W014: col(17) no reference to symbol 'h'
sockets\stk_sockets.h(232): Note! N392: col(51) definition: 'char const h[21]' in 'char const * stdcall stk::socket::http_answer::proxy_autenticate( void )'
sockets\stk_sockets.h(241): Warning! W014: col(17) no reference to symbol 'h'
sockets\stk_sockets.h(239): Note! N392: col(51) definition: 'char const h[10]' in 'char const * stdcall stk::socket::http_answer::refresh( void )'
sockets\stk_sockets.h(248): Warning! W014: col(17) no reference to symbol 'h'
sockets\stk_sockets.h(246): Note! N392: col(51) definition: 'char const h[14]' in 'char const * stdcall stk::socket::http_answer::retry_after( void )'
sockets\stk_sockets.h(255): Warning! W014: col(17) no reference to symbol 'h'
sockets\stk_sockets.h(253): Note! N392: col(51) definition: 'char const h[9]' in 'char const * stdcall stk::socket::http_answer::server( void )'
sockets\stk_sockets.h(262): Warning! W014: col(17) no reference to symbol 'h'
sockets\stk_sockets.h(260): Note! N392: col(51) definition: 'char const h[13]' in 'char const * stdcall stk::socket::http_answer::set_cookie( void )'
sockets\stk_sockets.h(269): Warning! W014: col(17) no reference to symbol 'h'
sockets\stk_sockets.h(267): Note! N392: col(51) definition: 'char const h[9]' in 'char const * stdcall stk::socket::http_answer::status( void )'
sockets\stk_sockets.h(276): Warning! W014: col(17) no reference to symbol 'h'
sockets\stk_sockets.h(274): Note! N392: col(51) definition: 'char const h[28]' in 'char const * stdcall stk::socket::http_answer::strict_transport_security( void )'
sockets\stk_sockets.h(283): Warning! W014: col(17) no reference to symbol 'h'
sockets\stk_sockets.h(281): Note! N392: col(51) definition: 'char const h[10]' in 'char const * stdcall stk::socket::http_answer::trailer( void )'
sockets\stk_sockets.h(290): Warning! W014: col(17) no reference to symbol 'h'
sockets\stk_sockets.h(288): Note! N392: col(51) definition: 'char const h[20]' in 'char const * stdcall stk::socket::http_answer::transfer_encoding( void )'
sockets\stk_sockets.h(297): Warning! W014: col(17) no reference to symbol 'h'
sockets\stk_sockets.h(295): Note! N392: col(51) definition: 'char const h[7]' in 'char const * stdcall stk::socket::http_answer::vary( void )'
sockets\stk_sockets.h(304): Warning! W014: col(17) no reference to symbol 'h'
sockets\stk_sockets.h(302): Note! N392: col(51) definition: 'char const h[6]' in 'char const * stdcall stk::socket::http_answer::via( void )'
sockets\stk_sockets.h(311): Warning! W014: col(17) no reference to symbol 'h'
sockets\stk_sockets.h(309): Note! N392: col(51) definition: 'char const h[10]' in 'char const * stdcall stk::socket::http_answer::warning( void )'
sockets\stk_sockets.h(318): Warning! W014: col(17) no reference to symbol 'h'
sockets\stk_sockets.h(316): Note! N392: col(51) definition: 'char const h[19]' in 'char const * stdcall stk::socket::http_answer::www_autenticate( void )'
sockets\.\..\sthreads\stk_threads.h(85): Warning! W014: col(5) no reference to symbol 'request_command'
sockets\.\..\sthreads\stk_threads.h(79): Note! N392: col(21) definition: 'int * request_command' in 'int stk::thread::ssthread_arg_wrapper_t::request( char, int, unsigned long )'
sockets\.\..\sthreads\stk_threads.h(85): Warning! W014: col(5) no reference to symbol 'request_time'
sockets\.\..\sthreads\stk_threads.h(80): Note! N392: col(24) definition: 'unsigned long * request_time' in 'int stk::thread::ssthread_arg_wrapper_t::request( char, int, unsigned long )'
sockets\.\..\sthreads\stk_threads.h(85): Warning! W014: col(5) no reference to symbol 'request_count'
sockets\.\..\sthreads\stk_threads.h(81): Note! N392: col(20) definition: 'int request_count' in 'int stk::thread::ssthread_arg_wrapper_t::request( char, int, unsigned long )'
sockets\.\..\sthreads\stk_threads.h(85): Warning! W726: col(5) no reference to formal parameter 'a_request_command'
sockets\.\..\sthreads\stk_threads.h(78): Note! N392: col(35) definition: 'int a_request_command' in 'int stk::thread::ssthread_arg_wrapper_t::request( char, int, unsigned long )'
sockets\.\..\sthreads\stk_threads.h(85): Warning! W726: col(5) no reference to formal parameter 'a_request_time'
sockets\.\..\sthreads\stk_threads.h(78): Note! N392: col(60) definition: 'unsigned long a_request_time' in 'int stk::thread::ssthread_arg_wrapper_t::request( char, int, unsigned long )'
sockets\stk_sockets.cpp(51): Warning! W389: col(44) integral value may be truncated during assignment or initialization
sockets\stk_sockets.cpp(107): Warning! W389: col(44) integral value may be truncated during assignment or initialization
sockets\stk_sockets.cpp(122): Warning! W014: col(1) no reference to symbol 'accepted_socket'
sockets\stk_sockets.cpp(89): Note! N392: col(29) definition: 'unsigned accepted_socket' in 'unsigned stdcall (__declspec(dllimport) stk::socket::create_client_socket)( char const *, char const *, int )'
sockets\stk_sockets.cpp(159): Warning! W726: col(1) no reference to formal parameter 'ax'
sockets\stk_sockets.cpp(138): Note! N392: col(122) definition: 'int const ax' in 'int stdcall (__declspec(dllimport) stk::socket::send_for_sure)( unsigned, char const *, int, int )'
sockets\stk_sockets.cpp(183): Warning! W726: col(1) no reference to formal parameter 'ax'
sockets\stk_sockets.cpp(162): Note! N392: col(117) definition: 'int const ax' in 'int stdcall (__declspec(dllimport) stk::socket::recv_for_sure)( unsigned, char *, int, int )'
sockets\stk_sockets.cpp(539): Warning! W017: col(1) label 'HTTP_GOTO_CLOSE_SOCKET' has not been referenced by a goto
sockets\stk_sockets.cpp(539): Note! N574: col(1) label defined in: sockets\stk_sockets.cpp(530) (col 23)
sockets\stk_sockets.cpp(539): Warning! W014: col(1) no reference to symbol 'temp_count'
sockets\stk_sockets.cpp(195): Note! N392: col(14) definition: 'char temp_count' in 'int stdcall (__declspec(dllimport) stk::socket::start_tftp_server)( char const *, char const *, char const * )'
sockets\stk_sockets.cpp(539): Warning! W014: col(1) no reference to symbol 'temp_size'
sockets\stk_sockets.cpp(195): Note! N392: col(26) definition: 'char temp_size' in 'int stdcall (__declspec(dllimport) stk::socket::start_tftp_server)( char const *, char const *, char const * )'
sockets\stk_sockets.cpp(539): Warning! W726: col(1) no reference to formal parameter 'path'
sockets\stk_sockets.cpp(187): Note! N392: col(62) definition: 'char const * path' in 'int stdcall (__declspec(dllimport) stk::socket::start_tftp_server)( char const *, char const *, char const * )'
sockets\stk_sockets.cpp(571): Warning! W389: col(70) integral value may be truncated during assignment or initialization
sockets\stk_sockets.cpp(605): Warning! W017: col(1) label 'HTTP_GOTO_CLOSE_SOCKET' has not been referenced by a goto
sockets\stk_sockets.cpp(605): Note! N574: col(1) label defined in: sockets\stk_sockets.cpp(596) (col 23)
sockets\stk_sockets.cpp(605): Warning! W014: col(1) no reference to symbol 'temp_size'
sockets\stk_sockets.cpp(551): Note! N392: col(35) definition: 'int temp_size' in 'int stdcall (__declspec(dllimport) stk::socket::start_http_server)( char const *, char const *, char const * )'
