./stasm/stk_stasm.h(36): Warning! W725: col(160) "This compiler doesn't support GCC asm(\"\":::) inline asembler, directive ::asm(variable_name) will expand to nothing"
./stasm/stk_stasm.h(36): Note! N393: col(160) included from koperek\.\..\stk_main.h(455)
./stasm/stk_stasm.h(36): Note! N393: col(160) included from koperek\stk_kop32_socket_server.h(5)
./stasm/stk_stasm.h(36): Note! N393: col(160) included from koperek\stk_kop32_socket_server.cpp(4)
./stasm/stk_stasm.h(40): Warning! W725: col(145) "This compiler doesnt support GCC __attribute__() macro, you must use different data packing directives"
koperek\.\..\sockets\stk_sockets.h(82): Warning! W014: col(17) no reference to symbol 'h'
koperek\.\..\sockets\stk_sockets.h(80): Note! N392: col(51) definition: 'char const h[30]' in 'char const * stdcall stk::socket::http_answer::access_control_allow_orgin( void )'
koperek\.\..\sockets\stk_sockets.h(89): Warning! W014: col(17) no reference to symbol 'h'
koperek\.\..\sockets\stk_sockets.h(87): Note! N392: col(51) definition: 'char const h[16]' in 'char const * stdcall stk::socket::http_answer::accept_ranges( void )'
koperek\.\..\sockets\stk_sockets.h(95): Warning! W014: col(17) no reference to symbol 'h'
koperek\.\..\sockets\stk_sockets.h(93): Note! N392: col(51) definition: 'char const h[6]' in 'char const * stdcall stk::socket::http_answer::age( void )'
koperek\.\..\sockets\stk_sockets.h(102): Warning! W014: col(17) no reference to symbol 'h'
koperek\.\..\sockets\stk_sockets.h(100): Note! N392: col(51) definition: 'char const h[8]' in 'char const * stdcall stk::socket::http_answer::allow( void )'
koperek\.\..\sockets\stk_sockets.h(108): Warning! W014: col(17) no reference to symbol 'h'
koperek\.\..\sockets\stk_sockets.h(106): Note! N392: col(51) definition: 'char const h[16]' in 'char const * stdcall stk::socket::http_answer::cache_control( void )'
koperek\.\..\sockets\stk_sockets.h(115): Warning! W014: col(17) no reference to symbol 'h'
koperek\.\..\sockets\stk_sockets.h(113): Note! N392: col(51) definition: 'char const h[13]' in 'char const * stdcall stk::socket::http_answer::connection( void )'
koperek\.\..\sockets\stk_sockets.h(122): Warning! W014: col(17) no reference to symbol 'h'
koperek\.\..\sockets\stk_sockets.h(120): Note! N392: col(51) definition: 'char const h[19]' in 'char const * stdcall stk::socket::http_answer::content_encoding( void )'
koperek\.\..\sockets\stk_sockets.h(129): Warning! W014: col(17) no reference to symbol 'h'
koperek\.\..\sockets\stk_sockets.h(127): Note! N392: col(51) definition: 'char const h[19]' in 'char const * stdcall stk::socket::http_answer::content_language( void )'
koperek\.\..\sockets\stk_sockets.h(136): Warning! W014: col(17) no reference to symbol 'h'
koperek\.\..\sockets\stk_sockets.h(134): Note! N392: col(51) definition: 'char const h[17]' in 'char const * stdcall stk::socket::http_answer::content_len( void )'
koperek\.\..\sockets\stk_sockets.h(143): Warning! W014: col(17) no reference to symbol 'h'
koperek\.\..\sockets\stk_sockets.h(141): Note! N392: col(51) definition: 'char const h[19]' in 'char const * stdcall stk::socket::http_answer::content_location( void )'
koperek\.\..\sockets\stk_sockets.h(150): Warning! W014: col(17) no reference to symbol 'h'
koperek\.\..\sockets\stk_sockets.h(148): Note! N392: col(51) definition: 'char const h[14]' in 'char const * stdcall stk::socket::http_answer::content_md5( void )'
koperek\.\..\sockets\stk_sockets.h(157): Warning! W014: col(17) no reference to symbol 'h'
koperek\.\..\sockets\stk_sockets.h(155): Note! N392: col(51) definition: 'char const h[22]' in 'char const * stdcall stk::socket::http_answer::content_disposition( void )'
koperek\.\..\sockets\stk_sockets.h(164): Warning! W014: col(17) no reference to symbol 'h'
koperek\.\..\sockets\stk_sockets.h(162): Note! N392: col(51) definition: 'char const h[16]' in 'char const * stdcall stk::socket::http_answer::content_range( void )'
koperek\.\..\sockets\stk_sockets.h(171): Warning! W014: col(17) no reference to symbol 'h'
koperek\.\..\sockets\stk_sockets.h(169): Note! N392: col(51) definition: 'char const h[15]' in 'char const * stdcall stk::socket::http_answer::content_type( void )'
koperek\.\..\sockets\stk_sockets.h(178): Warning! W014: col(17) no reference to symbol 'h'
koperek\.\..\sockets\stk_sockets.h(176): Note! N392: col(51) definition: 'char const h[7]' in 'char const * stdcall stk::socket::http_answer::date( void )'
koperek\.\..\sockets\stk_sockets.h(185): Warning! W014: col(17) no reference to symbol 'h'
koperek\.\..\sockets\stk_sockets.h(183): Note! N392: col(51) definition: 'char const h[7]' in 'char const * stdcall stk::socket::http_answer::etag( void )'
koperek\.\..\sockets\stk_sockets.h(192): Warning! W014: col(17) no reference to symbol 'h'
koperek\.\..\sockets\stk_sockets.h(190): Note! N392: col(51) definition: 'char const h[10]' in 'char const * stdcall stk::socket::http_answer::expires( void )'
koperek\.\..\sockets\stk_sockets.h(199): Warning! W014: col(17) no reference to symbol 'h'
koperek\.\..\sockets\stk_sockets.h(197): Note! N392: col(51) definition: 'char const h[16]' in 'char const * stdcall stk::socket::http_answer::lats_modified( void )'
koperek\.\..\sockets\stk_sockets.h(206): Warning! W014: col(17) no reference to symbol 'h'
koperek\.\..\sockets\stk_sockets.h(204): Note! N392: col(51) definition: 'char const h[7]' in 'char const * stdcall stk::socket::http_answer::link( void )'
koperek\.\..\sockets\stk_sockets.h(213): Warning! W014: col(17) no reference to symbol 'h'
koperek\.\..\sockets\stk_sockets.h(211): Note! N392: col(51) definition: 'char const h[11]' in 'char const * stdcall stk::socket::http_answer::location( void )'
koperek\.\..\sockets\stk_sockets.h(220): Warning! W014: col(17) no reference to symbol 'h'
koperek\.\..\sockets\stk_sockets.h(218): Note! N392: col(51) definition: 'char const h[6]' in 'char const * stdcall stk::socket::http_answer::p3p( void )'
koperek\.\..\sockets\stk_sockets.h(227): Warning! W014: col(17) no reference to symbol 'h'
koperek\.\..\sockets\stk_sockets.h(225): Note! N392: col(51) definition: 'char const h[9]' in 'char const * stdcall stk::socket::http_answer::pragma( void )'
koperek\.\..\sockets\stk_sockets.h(234): Warning! W014: col(17) no reference to symbol 'h'
koperek\.\..\sockets\stk_sockets.h(232): Note! N392: col(51) definition: 'char const h[21]' in 'char const * stdcall stk::socket::http_answer::proxy_autenticate( void )'
koperek\.\..\sockets\stk_sockets.h(241): Warning! W014: col(17) no reference to symbol 'h'
koperek\.\..\sockets\stk_sockets.h(239): Note! N392: col(51) definition: 'char const h[10]' in 'char const * stdcall stk::socket::http_answer::refresh( void )'
koperek\.\..\sockets\stk_sockets.h(248): Warning! W014: col(17) no reference to symbol 'h'
koperek\.\..\sockets\stk_sockets.h(246): Note! N392: col(51) definition: 'char const h[14]' in 'char const * stdcall stk::socket::http_answer::retry_after( void )'
koperek\.\..\sockets\stk_sockets.h(255): Warning! W014: col(17) no reference to symbol 'h'
koperek\.\..\sockets\stk_sockets.h(253): Note! N392: col(51) definition: 'char const h[9]' in 'char const * stdcall stk::socket::http_answer::server( void )'
koperek\.\..\sockets\stk_sockets.h(262): Warning! W014: col(17) no reference to symbol 'h'
koperek\.\..\sockets\stk_sockets.h(260): Note! N392: col(51) definition: 'char const h[13]' in 'char const * stdcall stk::socket::http_answer::set_cookie( void )'
koperek\.\..\sockets\stk_sockets.h(269): Warning! W014: col(17) no reference to symbol 'h'
koperek\.\..\sockets\stk_sockets.h(267): Note! N392: col(51) definition: 'char const h[9]' in 'char const * stdcall stk::socket::http_answer::status( void )'
koperek\.\..\sockets\stk_sockets.h(276): Warning! W014: col(17) no reference to symbol 'h'
koperek\.\..\sockets\stk_sockets.h(274): Note! N392: col(51) definition: 'char const h[28]' in 'char const * stdcall stk::socket::http_answer::strict_transport_security( void )'
koperek\.\..\sockets\stk_sockets.h(283): Warning! W014: col(17) no reference to symbol 'h'
koperek\.\..\sockets\stk_sockets.h(281): Note! N392: col(51) definition: 'char const h[10]' in 'char const * stdcall stk::socket::http_answer::trailer( void )'
koperek\.\..\sockets\stk_sockets.h(290): Warning! W014: col(17) no reference to symbol 'h'
koperek\.\..\sockets\stk_sockets.h(288): Note! N392: col(51) definition: 'char const h[20]' in 'char const * stdcall stk::socket::http_answer::transfer_encoding( void )'
koperek\.\..\sockets\stk_sockets.h(297): Warning! W014: col(17) no reference to symbol 'h'
koperek\.\..\sockets\stk_sockets.h(295): Note! N392: col(51) definition: 'char const h[7]' in 'char const * stdcall stk::socket::http_answer::vary( void )'
koperek\.\..\sockets\stk_sockets.h(304): Warning! W014: col(17) no reference to symbol 'h'
koperek\.\..\sockets\stk_sockets.h(302): Note! N392: col(51) definition: 'char const h[6]' in 'char const * stdcall stk::socket::http_answer::via( void )'
koperek\.\..\sockets\stk_sockets.h(311): Warning! W014: col(17) no reference to symbol 'h'
koperek\.\..\sockets\stk_sockets.h(309): Note! N392: col(51) definition: 'char const h[10]' in 'char const * stdcall stk::socket::http_answer::warning( void )'
koperek\.\..\sockets\stk_sockets.h(318): Warning! W014: col(17) no reference to symbol 'h'
koperek\.\..\sockets\stk_sockets.h(316): Note! N392: col(51) definition: 'char const h[19]' in 'char const * stdcall stk::socket::http_answer::www_autenticate( void )'
koperek\stk_kop32_socket_server.cpp(63): Warning! W014: col(1) no reference to symbol 'czas_ramki'
koperek\stk_kop32_socket_server.cpp(14): Note! N392: col(14) definition: 'unsigned long czas_ramki' in 'int start_kop32_server( char *, char * )'
