./stasm/stk_stasm.h(36): Warning! W725: col(160) "This compiler doesn't support GCC asm(\"\":::) inline asembler, directive ::asm(variable_name) will expand to nothing"
./stasm/stk_stasm.h(36): Note! N393: col(160) included from file\json\..\..\mem\.\..\stk_main.h(455)
./stasm/stk_stasm.h(36): Note! N393: col(160) included from file\json\..\..\mem\stk_mem.h(6)
./stasm/stk_stasm.h(36): Note! N393: col(160) included from file\json\stk_json.h(33)
./stasm/stk_stasm.h(36): Note! N393: col(160) included from file\json\stk_json.cpp(30)
./stasm/stk_stasm.h(40): Warning! W725: col(145) "This compiler doesnt support GCC __attribute__() macro, you must use different data packing directives"
file\json\stk_json.cpp(96): Warning! W726: col(1) no reference to formal parameter 'user_data'
file\json\stk_json.cpp(93): Note! N392: col(58) definition: 'void * user_data' in 'void * default_alloc( unsigned, int, void * )'
file\json\stk_json.cpp(102): Warning! W726: col(1) no reference to formal parameter 'user_data'
file\json\stk_json.cpp(99): Note! N392: col(45) definition: 'void * user_data' in 'void default_free( void *, void * )'
file\json\stk_json.cpp(151): Warning! W391: col(43) assignment found in boolean expression
file\json\stk_json.cpp(164): Warning! W391: col(40) assignment found in boolean expression
file\json\stk_json.cpp(180): Warning! W391: col(17) assignment found in boolean expression
file\json\stk_json.cpp(335): Warning! W389: col(61) integral value may be truncated during assignment or initialization
file\json\stk_json.cpp(336): Warning! W389: col(61) integral value may be truncated during assignment or initialization
file\json\stk_json.cpp(346): Warning! W389: col(61) integral value may be truncated during assignment or initialization
file\json\stk_json.cpp(347): Warning! W389: col(61) integral value may be truncated during assignment or initialization
file\json\stk_json.cpp(348): Warning! W389: col(61) integral value may be truncated during assignment or initialization
file\json\stk_json.cpp(357): Warning! W389: col(57) integral value may be truncated during assignment or initialization
file\json\stk_json.cpp(358): Warning! W389: col(57) integral value may be truncated during assignment or initialization
file\json\stk_json.cpp(359): Warning! W389: col(57) integral value may be truncated during assignment or initialization
file\json\stk_json.cpp(360): Warning! W389: col(57) integral value may be truncated during assignment or initialization
