./stasm/stk_stasm.h(36): Warning! W725: col(160) "This compiler doesn't support GCC asm(\"\":::) inline asembler, directive ::asm(variable_name) will expand to nothing"
./stasm/stk_stasm.h(36): Note! N393: col(160) included from mem\.\..\cpu\.\..\stk_main.h(455)
./stasm/stk_stasm.h(36): Note! N393: col(160) included from mem\.\..\cpu\stk_cpu.h(6)
./stasm/stk_stasm.h(36): Note! N393: col(160) included from mem\stk_mem.cpp(4)
./stasm/stk_stasm.h(40): Warning! W725: col(145) "This compiler doesnt support GCC __attribute__() macro, you must use different data packing directives"
mem\.\..\sthreads\stk_threads.h(85): Warning! W014: col(5) no reference to symbol 'request_command'
mem\.\..\sthreads\stk_threads.h(79): Note! N392: col(21) definition: 'int * request_command' in 'int stk::thread::ssthread_arg_wrapper_t::request( char, int, unsigned long )'
mem\.\..\sthreads\stk_threads.h(85): Warning! W014: col(5) no reference to symbol 'request_time'
mem\.\..\sthreads\stk_threads.h(80): Note! N392: col(24) definition: 'unsigned long * request_time' in 'int stk::thread::ssthread_arg_wrapper_t::request( char, int, unsigned long )'
mem\.\..\sthreads\stk_threads.h(85): Warning! W014: col(5) no reference to symbol 'request_count'
mem\.\..\sthreads\stk_threads.h(81): Note! N392: col(20) definition: 'int request_count' in 'int stk::thread::ssthread_arg_wrapper_t::request( char, int, unsigned long )'
mem\.\..\sthreads\stk_threads.h(85): Warning! W726: col(5) no reference to formal parameter 'a_request_command'
mem\.\..\sthreads\stk_threads.h(78): Note! N392: col(35) definition: 'int a_request_command' in 'int stk::thread::ssthread_arg_wrapper_t::request( char, int, unsigned long )'
mem\.\..\sthreads\stk_threads.h(85): Warning! W726: col(5) no reference to formal parameter 'a_request_time'
mem\.\..\sthreads\stk_threads.h(78): Note! N392: col(60) definition: 'unsigned long a_request_time' in 'int stk::thread::ssthread_arg_wrapper_t::request( char, int, unsigned long )'
mem\stk_mem.cpp(800): Warning! W389: col(21) integral value may be truncated during assignment or initialization
mem\stk_mem.cpp(806): Warning! W389: col(17) integral value may be truncated during assignment or initialization
mem\stk_mem.cpp(995): Warning! W389: col(22) integral value may be truncated during assignment or initialization
mem\stk_mem.cpp(1007): Warning! W836: col(16) symbol has different type than previous symbol in same declaration
mem\stk_mem.cpp(1007): Note! N837: col(16) companion definition is 'T'
mem\stk_mem.cpp(1007): Note! N392: col(13) definition: 'unsigned * T' in '__int64 stdcall (__declspec(dllimport) stk::mem::pos_kmp)( void const *, unsigned, unsigned, void const *, unsigned )'
mem\stk_mem.cpp(1038): Warning! W726: col(1) no reference to formal parameter 'a_src_size'
mem\stk_mem.cpp(1004): Note! N392: col(74) definition: 'unsigned const a_src_size' in '__int64 stdcall (__declspec(dllimport) stk::mem::pos_kmp)( void const *, unsigned, unsigned, void const *, unsigned )'
mem\stk_mem.cpp(1038): Warning! W726: col(1) no reference to formal parameter 'a_start'
mem\stk_mem.cpp(1004): Note! N392: col(99) definition: 'unsigned const a_start' in '__int64 stdcall (__declspec(dllimport) stk::mem::pos_kmp)( void const *, unsigned, unsigned, void const *, unsigned )'
mem\stk_mem.cpp(1038): Warning! W726: col(1) no reference to formal parameter 'a_pattern_size'
mem\stk_mem.cpp(1004): Note! N392: col(148) definition: 'unsigned const a_pattern_size' in '__int64 stdcall (__declspec(dllimport) stk::mem::pos_kmp)( void const *, unsigned, unsigned, void const *, unsigned )'
mem\stk_mem.cpp(1317): Warning! W726: col(1) no reference to formal parameter 'a_dst_ptr'
mem\stk_mem.cpp(1199): Note! N392: col(42) definition: 'void * a_dst_ptr' in 'void stdcall (__declspec(dllimport) stk::mem::bit_setex)( void *, unsigned char, void const *, unsigned char, unsigned char, unsigned )'
mem\stk_mem.cpp(1317): Warning! W726: col(1) no reference to formal parameter 'adst_bit'
mem\stk_mem.cpp(1199): Note! N392: col(67) definition: 'unsigned char const adst_bit' in 'void stdcall (__declspec(dllimport) stk::mem::bit_setex)( void *, unsigned char, void const *, unsigned char, unsigned char, unsigned )'
mem\stk_mem.cpp(1317): Warning! W726: col(1) no reference to formal parameter 'a_src_ptr'
mem\stk_mem.cpp(1199): Note! N392: col(89) definition: 'void const * a_src_ptr' in 'void stdcall (__declspec(dllimport) stk::mem::bit_setex)( void *, unsigned char, void const *, unsigned char, unsigned char, unsigned )'
mem\stk_mem.cpp(1317): Warning! W726: col(1) no reference to formal parameter 'asrc_bit'
mem\stk_mem.cpp(1199): Note! N392: col(114) definition: 'unsigned char const asrc_bit' in 'void stdcall (__declspec(dllimport) stk::mem::bit_setex)( void *, unsigned char, void const *, unsigned char, unsigned char, unsigned )'
mem\stk_mem.cpp(1317): Warning! W726: col(1) no reference to formal parameter 'a_src_elsize'
mem\stk_mem.cpp(1199): Note! N392: col(138) definition: 'unsigned char const a_src_elsize' in 'void stdcall (__declspec(dllimport) stk::mem::bit_setex)( void *, unsigned char, void const *, unsigned char, unsigned char, unsigned )'
mem\stk_mem.cpp(1317): Warning! W726: col(1) no reference to formal parameter 'a_dst_count'
mem\stk_mem.cpp(1199): Note! N392: col(165) definition: 'unsigned const a_dst_count' in 'void stdcall (__declspec(dllimport) stk::mem::bit_setex)( void *, unsigned char, void const *, unsigned char, unsigned char, unsigned )'
mem\stk_mem.cpp(1349): Warning! W726: col(1) no reference to formal parameter 'lpString'
mem\stk_mem.cpp(1320): Note! N392: col(28) definition: 'char * lpString' in 'unsigned stdcall len( char * )'
mem\stk_mem.cpp(1445): Warning! W726: col(5) no reference to formal parameter 'StringSource'
mem\stk_mem.cpp(1352): Note! N392: col(29) definition: 'char * StringSource' in 'unsigned stdcall kmp2( char *, unsigned, char *, unsigned, char * )'
mem\stk_mem.cpp(1445): Warning! W726: col(5) no reference to formal parameter 'SourceLength'
mem\stk_mem.cpp(1352): Note! N392: col(50) definition: 'unsigned SourceLength' in 'unsigned stdcall kmp2( char *, unsigned, char *, unsigned, char * )'
mem\stk_mem.cpp(1445): Warning! W726: col(5) no reference to formal parameter 'StringPattern'
mem\stk_mem.cpp(1352): Note! N392: col(70) definition: 'char * StringPattern' in 'unsigned stdcall kmp2( char *, unsigned, char *, unsigned, char * )'
mem\stk_mem.cpp(1445): Warning! W726: col(5) no reference to formal parameter 'PatternLength'
mem\stk_mem.cpp(1352): Note! N392: col(92) definition: 'unsigned PatternLength' in 'unsigned stdcall kmp2( char *, unsigned, char *, unsigned, char * )'
mem\stk_mem.cpp(1445): Warning! W726: col(5) no reference to formal parameter 'ShiftTable'
mem\stk_mem.cpp(1352): Note! N392: col(113) definition: 'char * ShiftTable' in 'unsigned stdcall kmp2( char *, unsigned, char *, unsigned, char * )'
mem\stk_mem.cpp(1469): Warning! W726: col(1) no reference to formal parameter 'String'
mem\stk_mem.cpp(1446): Note! N392: col(35) definition: 'char * String' in 'unsigned stdcall asciitdec( char * )'
mem\stk_mem.cpp(1502): Warning! W726: col(1) no reference to formal parameter 'lpString'
mem\stk_mem.cpp(1472): Note! N392: col(35) definition: 'char * lpString' in 'unsigned stdcall StrHex2bin( char * )'
mem\stk_mem.cpp(1505): Warning! W014: col(2) no reference to symbol 'g_mem_max'
mem\stk_mem.cpp(16): Note! N392: col(16) definition: '__int64 g_mem_max'
mem\stk_mem.cpp(1505): Warning! W014: col(2) no reference to symbol 'g_mem_pointer_align'
mem\stk_mem.cpp(18): Note! N392: col(16) definition: 'int g_mem_pointer_align'
