./stasm/stk_stasm.h(36): Warning! W725: col(160) "This compiler doesn't support GCC asm(\"\":::) inline asembler, directive ::asm(variable_name) will expand to nothing"
./stasm/stk_stasm.h(36): Note! N393: col(160) included from file\eno\.\..\..\stk_main.h(455)
./stasm/stk_stasm.h(36): Note! N393: col(160) included from file\eno\stk_file_lzst_header.h(5)
./stasm/stk_stasm.h(36): Note! N393: col(160) included from file\eno\stk_file_lzst_header.cpp(4)
./stasm/stk_stasm.h(40): Warning! W725: col(145) "This compiler doesnt support GCC __attribute__() macro, you must use different data packing directives"
file\eno\stk_file_lzst_header.cpp(38): Warning! W389: col(55) integral value may be truncated during assignment or initialization
file\eno\stk_file_lzst_header.cpp(43): Warning! W389: col(55) integral value may be truncated during assignment or initialization
file\eno\stk_file_lzst_header.cpp(45): Warning! W389: col(55) integral value may be truncated during assignment or initialization
file\eno\stk_file_lzst_header.cpp(71): Warning! W389: col(36) integral value may be truncated during assignment or initialization
file\eno\stk_file_lzst_header.cpp(88): Warning! W013: col(1) unreachable code
file\eno\stk_file_lzst_header.cpp(103): Warning! W013: col(1) unreachable code
file\eno\stk_file_lzst_header.cpp(159): Warning! W389: col(55) integral value may be truncated during assignment or initialization
file\eno\stk_file_lzst_header.cpp(168): Warning! W389: col(55) integral value may be truncated during assignment or initialization
file\eno\stk_file_lzst_header.cpp(170): Warning! W389: col(55) integral value may be truncated during assignment or initialization
file\eno\stk_file_lzst_header.cpp(183): Warning! W389: col(27) integral value may be truncated during assignment or initialization
file\eno\stk_file_lzst_header.cpp(294): Warning! W389: col(55) integral value may be truncated during assignment or initialization
file\eno\stk_file_lzst_header.cpp(297): Warning! W389: col(63) integral value may be truncated during assignment or initialization
file\eno\stk_file_lzst_header.cpp(301): Warning! W389: col(63) integral value may be truncated during assignment or initialization
file\eno\stk_file_lzst_header.cpp(303): Warning! W389: col(63) integral value may be truncated during assignment or initialization
file\eno\stk_file_lzst_header.cpp(307): Warning! W389: col(63) integral value may be truncated during assignment or initialization
file\eno\stk_file_lzst_header.cpp(309): Warning! W389: col(63) integral value may be truncated during assignment or initialization
file\eno\stk_file_lzst_header.cpp(311): Warning! W389: col(63) integral value may be truncated during assignment or initialization
file\eno\stk_file_lzst_header.cpp(327): Warning! W389: col(55) integral value may be truncated during assignment or initialization
file\eno\stk_file_lzst_header.cpp(329): Warning! W389: col(55) integral value may be truncated during assignment or initialization
file\eno\stk_file_lzst_header.cpp(333): Warning! W389: col(63) integral value may be truncated during assignment or initialization
file\eno\stk_file_lzst_header.cpp(337): Warning! W389: col(63) integral value may be truncated during assignment or initialization
file\eno\stk_file_lzst_header.cpp(339): Warning! W389: col(63) integral value may be truncated during assignment or initialization
file\eno\stk_file_lzst_header.cpp(343): Warning! W389: col(63) integral value may be truncated during assignment or initialization
file\eno\stk_file_lzst_header.cpp(345): Warning! W389: col(63) integral value may be truncated during assignment or initialization
file\eno\stk_file_lzst_header.cpp(347): Warning! W389: col(63) integral value may be truncated during assignment or initialization
file\eno\stk_file_lzst_header.cpp(363): Warning! W389: col(26) integral value may be truncated during assignment or initialization
